[debug] [2020-12-11T08:34:35.601Z] ----------------------------------------------------------------------
[debug] [2020-12-11T08:34:35.605Z] Command:       C:\Program Files\nodejs\node.exe C:\Users\Dell\AppData\Roaming\npm\node_modules\firebase-tools\lib\bin\firebase.js init
[debug] [2020-12-11T08:34:35.606Z] CLI Version:   8.18.1
[debug] [2020-12-11T08:34:35.606Z] Platform:      win32
[debug] [2020-12-11T08:34:35.606Z] Node Version:  v14.15.1
[debug] [2020-12-11T08:34:35.609Z] Time:          Fri Dec 11 2020 14:04:35 GMT+0530 (India Standard Time)
[debug] [2020-12-11T08:34:35.609Z] ----------------------------------------------------------------------
[debug] [2020-12-11T08:34:35.610Z] 
[debug] [2020-12-11T08:34:35.622Z] > command requires scopes: ["email","openid","https://www.googleapis.com/auth/cloudplatformprojects.readonly","https://www.googleapis.com/auth/firebase","https://www.googleapis.com/auth/cloud-platform"]
[debug] [2020-12-11T08:34:35.623Z] > authorizing via signed-in user
[info] 
     ######## #### ########  ######## ########     ###     ######  ########
     ##        ##  ##     ## ##       ##     ##  ##   ##  ##       ##
     ######    ##  ########  ######   ########  #########  ######  ######
     ##        ##  ##    ##  ##       ##     ## ##     ##       ## ##
     ##       #### ##     ## ######## ########  ##     ##  ######  ########

You're about to initialize a Firebase project in this directory:

  D:\RKProjects\tinderApp\tinder-clone

[info] 
=== Project Setup
[info] 
[info] First, let's associate this project directory with a Firebase project.
[info] You can create multiple project aliases by running firebase use --add, 
[info] but for now we'll just set up a default project.
[info] 
[debug] [2020-12-11T08:35:08.724Z] > refreshing access token with scopes: ["email","https://www.googleapis.com/auth/cloud-platform","https://www.googleapis.com/auth/cloudplatformprojects.readonly","https://www.googleapis.com/auth/firebase","openid"]
[debug] [2020-12-11T08:35:08.725Z] >>> HTTP REQUEST POST https://www.googleapis.com/oauth2/v3/token  
 <request body omitted>
[debug] [2020-12-11T08:35:09.024Z] <<< HTTP RESPONSE 200 {"pragma":"no-cache","expires":"Mon, 01 Jan 1990 00:00:00 GMT","cache-control":"no-cache, no-store, max-age=0, must-revalidate","date":"Fri, 11 Dec 2020 08:35:02 GMT","content-type":"application/json; charset=utf-8","vary":"X-Origin, Referer, Origin,Accept-Encoding","server":"scaffolding on HTTPServer2","x-xss-protection":"0","x-frame-options":"SAMEORIGIN","x-content-type-options":"nosniff","alt-svc":"h3-29=\":443\"; ma=2592000,h3-T051=\":443\"; ma=2592000,h3-Q050=\":443\"; ma=2592000,h3-Q046=\":443\"; ma=2592000,h3-Q043=\":443\"; ma=2592000,quic=\":443\"; ma=2592000; v=\"46,43\"","accept-ranges":"none","transfer-encoding":"chunked"}
[debug] [2020-12-11T08:35:09.034Z] >>> HTTP REQUEST GET https://firebase.googleapis.com/v1beta1/projects?pageSize=100  
 
[debug] [2020-12-11T08:35:09.538Z] <<< HTTP RESPONSE 200 {"content-type":"application/json; charset=UTF-8","vary":"X-Origin, Referer, Origin,Accept-Encoding","date":"Fri, 11 Dec 2020 08:35:03 GMT","server":"ESF","cache-control":"private","x-xss-protection":"0","x-frame-options":"SAMEORIGIN","x-content-type-options":"nosniff","alt-svc":"h3-29=\":443\"; ma=2592000,h3-T051=\":443\"; ma=2592000,h3-Q050=\":443\"; ma=2592000,h3-Q046=\":443\"; ma=2592000,h3-Q043=\":443\"; ma=2592000,quic=\":443\"; ma=2592000; v=\"46,43\"","accept-ranges":"none","transfer-encoding":"chunked"}
[info] i  Using project tinder-clone-c5061 (tinder-clone) 
[info] 
=== Hosting Setup
[info] 
[info] Your public directory is the folder (relative to your project directory) that
[info] will contain Hosting assets to be uploaded with firebase deploy. If you
[info] have a build process for your assets, use your build's output directory.
[info] 
[debug] [2020-12-11T08:36:58.717Z] >>> [apiv2][query] GET https://www.gstatic.com/firebasejs/releases.json [none]
[debug] [2020-12-11T08:36:58.869Z] <<< [apiv2][status] GET https://www.gstatic.com/firebasejs/releases.json 200
[debug] [2020-12-11T08:36:58.869Z] <<< [apiv2][body] GET https://www.gstatic.com/firebasejs/releases.json {"current":{"version":"8.1.2","browserURL":"https://www.gstatic.com/firebasejs/8.1.2/firebase.js","packageURL":"https://www.gstatic.com/firebasejs/8.1.2/firebase.tgz"},"live":{"version":"8.1","browserURL":"https://www.gstatic.com/firebasejs/live/8.1/firebase.js","packageURL":"https://www.gstatic.com/firebasejs/live/8.1/firebase.tgz"},"components":{"analytics":"https://www.gstatic.com/firebasejs/8.1.2/firebase-analytics.js","app":"https://www.gstatic.com/firebasejs/8.1.2/firebase-app.js","auth":"https://www.gstatic.com/firebasejs/8.1.2/firebase-auth.js","database":"https://www.gstatic.com/firebasejs/8.1.2/firebase-database.js","firestore":"https://www.gstatic.com/firebasejs/8.1.2/firebase-firestore.js","functions":"https://www.gstatic.com/firebasejs/8.1.2/firebase-functions.js","installations":"https://www.gstatic.com/firebasejs/8.1.2/firebase-installations.js","messaging":"https://www.gstatic.com/firebasejs/8.1.2/firebase-messaging.js","storage":"https://www.gstatic.com/firebasejs/8.1.2/firebase-storage.js","performance":"https://www.gstatic.com/firebasejs/8.1.2/firebase-performance.js","remote-config":"https://www.gstatic.com/firebasejs/8.1.2/firebase-remote-config.js","firestore.memory":"https://www.gstatic.com/firebasejs/8.1.2/firebase-firestore.memory.js"}}
[info] +  Wrote build/index.html 
[info] 
[info] i  Detected a .git folder at D:\RKProjects\tinderApp\tinder-clone 
[info] i  Authorizing with GitHub to upload your service account to a GitHub repository's secrets store. 
[info] 
[info] Visit this URL on this device to log in:
[info] https://github.com/login/oauth/authorize?client_id=89cf50f02ac6aaed3484&state=513668447&redirect_uri=http%3A%2F%2Flocalhost%3A9005&scope=read%3Auser%20repo%20public_repo
[info] 
[info] Waiting for authentication...
[debug] [2020-12-11T08:37:15.325Z] >>> HTTP REQUEST POST https://github.com/login/oauth/access_token  
 {"client_id":"89cf50f02ac6aaed3484","client_secret":"3330d14abc895d9a74d5f17cd7a00711fa2c5bf0","code":"d97d4dae46e9165ac5d4","redirect_uri":"http://localhost:9005","state":"513668447"}
[debug] [2020-12-11T08:37:15.884Z] <<< HTTP RESPONSE 200 {"date":"Fri, 11 Dec 2020 08:37:09 GMT","content-type":"application/json; charset=utf-8","transfer-encoding":"chunked","server":"GitHub.com","status":"200 OK","vary":"X-PJAX, Accept-Encoding, Accept, X-Requested-With, Accept-Encoding","etag":"W/\"133125a7635bfa9b48c0de8db160413e\"","cache-control":"max-age=0, private, must-revalidate","strict-transport-security":"max-age=31536000; includeSubdomains; preload","x-frame-options":"deny","x-content-type-options":"nosniff","x-xss-protection":"1; mode=block","referrer-policy":"origin-when-cross-origin, strict-origin-when-cross-origin","expect-ct":"max-age=2592000, report-uri=\"https://api.github.com/_private/browser/errors\"","content-security-policy":"default-src 'none'; base-uri 'self'; block-all-mixed-content; connect-src 'self' uploads.github.com www.githubstatus.com collector.githubapp.com api.github.com github-cloud.s3.amazonaws.com github-production-repository-file-5c1aeb.s3.amazonaws.com github-production-upload-manifest-file-7fdce7.s3.amazonaws.com github-production-user-asset-6210df.s3.amazonaws.com cdn.optimizely.com logx.optimizely.com/v1/events wss://alive.github.com; font-src github.githubassets.com; form-action 'self' github.com gist.github.com; frame-ancestors 'none'; frame-src render.githubusercontent.com; img-src 'self' data: github.githubassets.com identicons.github.com collector.githubapp.com github-cloud.s3.amazonaws.com *.githubusercontent.com; manifest-src 'self'; media-src 'none'; script-src github.githubassets.com; style-src 'unsafe-inline' github.githubassets.com; worker-src github.com/socket-worker.js gist.github.com/socket-worker.js","x-github-request-id":"CE74:7036:690F51:88D207:5FD32FB5"}
[debug] [2020-12-11T08:37:15.885Z] >>> [apiv2][query] GET https://api.github.com/user [none]
[debug] [2020-12-11T08:37:16.449Z] <<< [apiv2][status] GET https://api.github.com/user 200
[debug] [2020-12-11T08:37:16.449Z] <<< [apiv2][body] GET https://api.github.com/user {"login":"raghukoppal","id":1136540,"node_id":"MDQ6VXNlcjExMzY1NDA=","avatar_url":"https://avatars2.githubusercontent.com/u/1136540?v=4","gravatar_id":"","url":"https://api.github.com/users/raghukoppal","html_url":"https://github.com/raghukoppal","followers_url":"https://api.github.com/users/raghukoppal/followers","following_url":"https://api.github.com/users/raghukoppal/following{/other_user}","gists_url":"https://api.github.com/users/raghukoppal/gists{/gist_id}","starred_url":"https://api.github.com/users/raghukoppal/starred{/owner}{/repo}","subscriptions_url":"https://api.github.com/users/raghukoppal/subscriptions","organizations_url":"https://api.github.com/users/raghukoppal/orgs","repos_url":"https://api.github.com/users/raghukoppal/repos","events_url":"https://api.github.com/users/raghukoppal/events{/privacy}","received_events_url":"https://api.github.com/users/raghukoppal/received_events","type":"User","site_admin":false,"name":"Raghu koppal","company":null,"blog":"","location":"bangalore","email":"raghukoppal@gmail.com","hireable":true,"bio":null,"twitter_username":null,"public_repos":10,"public_gists":0,"followers":0,"following":5,"created_at":"2011-10-18T19:14:53Z","updated_at":"2020-12-11T06:45:01Z","private_gists":0,"total_private_repos":0,"owned_private_repos":0,"disk_usage":2390,"collaborators":0,"two_factor_authentication":false,"plan":{"name":"free","space":976562499,"collaborators":0,"private_repos":10000}}
[info] 
[info] +  Success! Logged into GitHub as raghukoppal 
[info] 
